[2020-04-26 14:29:04] main.INFO: Broken reference: the 'global_notices' element cannot be added as child to 'global.notices', because the latter doesn't exist [] []
[2020-04-26 14:29:04] main.INFO: Broken reference: the 'logo' element cannot be added as child to 'header', because the latter doesn't exist [] []
[2020-04-26 14:29:04] main.INFO: Broken reference: the 'global.search' element cannot be added as child to 'header', because the latter doesn't exist [] []
[2020-04-26 14:29:04] main.INFO: Broken reference: the 'user' element cannot be added as child to 'header', because the latter doesn't exist [] []
[2020-04-26 14:29:04] main.INFO: Broken reference: the 'menu' element cannot be added as child to 'page.menu', because the latter doesn't exist [] []
[2020-04-26 14:29:04] main.INFO: Broken reference: the 'breadcrumbs' element cannot be added as child to 'page.breadcrumbs', because the latter doesn't exist [] []
[2020-04-26 14:29:04] main.INFO: Broken reference: the 'formkey' element cannot be added as child to 'page.formkey', because the latter doesn't exist [] []
[2020-04-26 14:29:04] main.INFO: Broken reference: the 'page.title' element cannot be added as child to 'main.top', because the latter doesn't exist [] []
[2020-04-26 14:29:04] main.INFO: Broken reference: the 'messages' element cannot be added as child to 'page.messages', because the latter doesn't exist [] []
[2020-04-26 14:29:05] main.INFO: Broken reference: the 'page.actions.toolbar' element cannot be added as child to 'page.main.actions', because the latter doesn't exist [] []
[2020-04-26 14:29:05] main.INFO: Broken reference: the 'legal' element cannot be added as child to 'footer', because the latter doesn't exist [] []
[2020-04-26 14:29:05] main.INFO: Broken reference: the 'notification_area' element cannot be added as child to 'notifications', because the latter doesn't exist [] []
[2020-04-26 14:29:05] main.INFO: Broken reference: the 'unread_system_messages' element cannot be added as child to 'notifications', because the latter doesn't exist [] []
[2020-04-26 14:29:05] main.INFO: Broken reference: the 'notification_window' element cannot be added as child to 'notifications', because the latter doesn't exist [] []
[2020-04-26 14:29:05] main.INFO: Broken reference: the 'notification.messages' element cannot be added as child to 'header', because the latter doesn't exist [] []
[2020-04-26 14:29:05] main.INFO: Broken reference: the 'header.inner.left' element cannot be added as child to 'header', because the latter doesn't exist [] []
[2020-04-26 14:29:05] main.INFO: Broken reference: the 'header.inner.right' element cannot be added as child to 'header', because the latter doesn't exist [] []
[2020-04-26 14:29:05] main.INFO: Broken reference: the 'logo' tries to reorder itself towards '', but their parents are different: 'header' and '' respectively. [] []
[2020-04-26 14:29:05] main.INFO: Broken reference: the 'global.search' tries to reorder itself towards 'logo', but their parents are different: 'header' and '' respectively. [] []
[2020-04-26 14:29:05] main.INFO: Broken reference: the 'user' tries to reorder itself towards '', but their parents are different: 'header' and '' respectively. [] []
[2020-04-26 14:29:05] main.INFO: Broken reference: the 'page.actions.toolbar' tries to reorder itself towards '', but their parents are different: 'page.main.actions' and '' respectively. [] []
[2020-04-26 14:29:05] main.INFO: Broken reference: the 'notification.messages' tries to reorder itself towards 'user', but their parents are different: 'header' and '' respectively. [] []
[2020-04-26 14:29:05] main.INFO: Broken reference: the 'header.inner.left' tries to reorder itself towards '', but their parents are different: 'header' and '' respectively. [] []
[2020-04-26 14:29:05] main.INFO: Broken reference: the 'header.inner.right' tries to reorder itself towards 'header.inner.left', but their parents are different: 'header' and '' respectively. [] []
[2020-04-26 14:29:05] main.ERROR: Notice: Undefined variable: path in C:\xampp3\htdocs\furniture\vendor\magento\framework\View\Element\Template\File\Validator.php on line 114 [] []
[2020-04-26 14:29:09] main.INFO: Broken reference: the 'catalog.compare.sidebar' element cannot be added as child to 'sidebar.additional', because the latter doesn't exist [] []
[2020-04-26 14:29:09] main.INFO: Broken reference: the 'sale.reorder.sidebar' element cannot be added as child to 'sidebar.additional', because the latter doesn't exist [] []
[2020-04-26 14:29:09] main.INFO: Broken reference: the 'wishlist_sidebar' element cannot be added as child to 'sidebar.additional', because the latter doesn't exist [] []
[2020-04-26 14:29:09] main.INFO: Broken reference: the 'paypal.partner.right.logo' element cannot be added as child to 'sidebar.additional', because the latter doesn't exist [] []
[2020-04-26 14:29:09] main.INFO: Broken reference: the 'bml.right.logo' element cannot be added as child to 'sidebar.additional', because the latter doesn't exist [] []
[2020-04-26 14:29:09] main.INFO: Broken reference: the 'store_switcher' tries to reorder itself towards 'footer_links', but their parents are different: 'footer' and 'apparel.footer' respectively. [] []
[2020-04-26 14:29:09] main.INFO: Broken reference: the 'cms_footer_links_container' tries to reorder itself towards 'footer_links', but their parents are different: 'footer' and 'apparel.footer' respectively. [] []
[2020-04-26 14:29:10] main.ERROR: Notice: Undefined variable: path in C:\xampp3\htdocs\furniture\vendor\magento\framework\View\Element\Template\File\Validator.php on line 114 [] []
[2020-04-26 14:29:56] main.INFO: Broken reference: the 'catalog.compare.sidebar' element cannot be added as child to 'sidebar.additional', because the latter doesn't exist [] []
[2020-04-26 14:29:56] main.INFO: Broken reference: the 'sale.reorder.sidebar' element cannot be added as child to 'sidebar.additional', because the latter doesn't exist [] []
[2020-04-26 14:29:56] main.INFO: Broken reference: the 'wishlist_sidebar' element cannot be added as child to 'sidebar.additional', because the latter doesn't exist [] []
[2020-04-26 14:29:56] main.INFO: Broken reference: the 'paypal.partner.right.logo' element cannot be added as child to 'sidebar.additional', because the latter doesn't exist [] []
[2020-04-26 14:29:56] main.INFO: Broken reference: the 'bml.right.logo' element cannot be added as child to 'sidebar.additional', because the latter doesn't exist [] []
[2020-04-26 14:29:56] main.INFO: Broken reference: the 'store_switcher' tries to reorder itself towards 'footer_links', but their parents are different: 'footer' and 'apparel.footer' respectively. [] []
[2020-04-26 14:29:56] main.INFO: Broken reference: the 'cms_footer_links_container' tries to reorder itself towards 'footer_links', but their parents are different: 'footer' and 'apparel.footer' respectively. [] []
[2020-04-26 14:29:57] main.INFO: Broken reference: the 'global_notices' element cannot be added as child to 'global.notices', because the latter doesn't exist [] []
[2020-04-26 14:29:57] main.INFO: Broken reference: the 'logo' element cannot be added as child to 'header', because the latter doesn't exist [] []
[2020-04-26 14:29:57] main.INFO: Broken reference: the 'global.search' element cannot be added as child to 'header', because the latter doesn't exist [] []
[2020-04-26 14:29:57] main.INFO: Broken reference: the 'user' element cannot be added as child to 'header', because the latter doesn't exist [] []
[2020-04-26 14:29:57] main.INFO: Broken reference: the 'menu' element cannot be added as child to 'page.menu', because the latter doesn't exist [] []
[2020-04-26 14:29:57] main.INFO: Broken reference: the 'breadcrumbs' element cannot be added as child to 'page.breadcrumbs', because the latter doesn't exist [] []
[2020-04-26 14:29:57] main.INFO: Broken reference: the 'formkey' element cannot be added as child to 'page.formkey', because the latter doesn't exist [] []
[2020-04-26 14:29:57] main.INFO: Broken reference: the 'page.title' element cannot be added as child to 'main.top', because the latter doesn't exist [] []
[2020-04-26 14:29:57] main.INFO: Broken reference: the 'messages' element cannot be added as child to 'page.messages', because the latter doesn't exist [] []
[2020-04-26 14:29:57] main.INFO: Broken reference: the 'page.actions.toolbar' element cannot be added as child to 'page.main.actions', because the latter doesn't exist [] []
[2020-04-26 14:29:57] main.INFO: Broken reference: the 'legal' element cannot be added as child to 'footer', because the latter doesn't exist [] []
[2020-04-26 14:29:57] main.INFO: Broken reference: the 'notification_area' element cannot be added as child to 'notifications', because the latter doesn't exist [] []
[2020-04-26 14:29:57] main.INFO: Broken reference: the 'unread_system_messages' element cannot be added as child to 'notifications', because the latter doesn't exist [] []
[2020-04-26 14:29:57] main.INFO: Broken reference: the 'notification_window' element cannot be added as child to 'notifications', because the latter doesn't exist [] []
[2020-04-26 14:29:57] main.INFO: Broken reference: the 'notification.messages' element cannot be added as child to 'header', because the latter doesn't exist [] []
[2020-04-26 14:29:57] main.INFO: Broken reference: the 'header.inner.left' element cannot be added as child to 'header', because the latter doesn't exist [] []
[2020-04-26 14:29:57] main.INFO: Broken reference: the 'header.inner.right' element cannot be added as child to 'header', because the latter doesn't exist [] []
[2020-04-26 14:29:57] main.INFO: Broken reference: the 'logo' tries to reorder itself towards '', but their parents are different: 'header' and '' respectively. [] []
[2020-04-26 14:29:57] main.INFO: Broken reference: the 'global.search' tries to reorder itself towards 'logo', but their parents are different: 'header' and '' respectively. [] []
[2020-04-26 14:29:57] main.INFO: Broken reference: the 'user' tries to reorder itself towards '', but their parents are different: 'header' and '' respectively. [] []
[2020-04-26 14:29:57] main.INFO: Broken reference: the 'page.actions.toolbar' tries to reorder itself towards '', but their parents are different: 'page.main.actions' and '' respectively. [] []
[2020-04-26 14:29:57] main.INFO: Broken reference: the 'notification.messages' tries to reorder itself towards 'user', but their parents are different: 'header' and '' respectively. [] []
[2020-04-26 14:29:57] main.INFO: Broken reference: the 'header.inner.left' tries to reorder itself towards '', but their parents are different: 'header' and '' respectively. [] []
[2020-04-26 14:29:57] main.INFO: Broken reference: the 'header.inner.right' tries to reorder itself towards 'header.inner.left', but their parents are different: 'header' and '' respectively. [] []
[2020-04-26 14:30:18] main.INFO: Broken reference: the 'store_switcher' tries to reorder itself towards 'footer_links', but their parents are different: 'footer' and 'apparel.footer' respectively. [] []
[2020-04-26 14:30:18] main.INFO: Broken reference: the 'cms_footer_links_container' tries to reorder itself towards 'footer_links', but their parents are different: 'footer' and 'apparel.footer' respectively. [] []
[2020-04-26 14:30:29] main.INFO: Broken reference: the 'store_switcher' tries to reorder itself towards 'footer_links', but their parents are different: 'footer' and 'apparel.footer' respectively. [] []
[2020-04-26 14:30:29] main.INFO: Broken reference: the 'cms_footer_links_container' tries to reorder itself towards 'footer_links', but their parents are different: 'footer' and 'apparel.footer' respectively. [] []
[2020-04-26 14:30:36] main.INFO: Broken reference: the 'store_switcher' tries to reorder itself towards 'footer_links', but their parents are different: 'footer' and 'apparel.footer' respectively. [] []
[2020-04-26 14:30:36] main.INFO: Broken reference: the 'cms_footer_links_container' tries to reorder itself towards 'footer_links', but their parents are different: 'footer' and 'apparel.footer' respectively. [] []
[2020-04-26 14:30:36] main.INFO: Broken reference: the 'store_switcher' tries to reorder itself towards 'footer_links', but their parents are different: 'footer' and 'apparel.footer' respectively. [] []
[2020-04-26 14:30:36] main.INFO: Broken reference: the 'cms_footer_links_container' tries to reorder itself towards 'footer_links', but their parents are different: 'footer' and 'apparel.footer' respectively. [] []
